<?xml version="1.0" encoding="UTF-8"?>
<testsuite name="com.sparta.springweb.SpringwebApplicationTests" tests="1" skipped="0" failures="0" errors="0" timestamp="2022-05-26T05:22:35" hostname="DESKTOP-PARK" time="0.01">
  <properties/>
  <testcase name="contextLoads()" classname="com.sparta.springweb.SpringwebApplicationTests" time="0.01"/>
  <system-out><![CDATA[14:22:29.496 [Test worker] DEBUG org.springframework.test.context.BootstrapUtils - Instantiating CacheAwareContextLoaderDelegate from class [org.springframework.test.context.cache.DefaultCacheAwareContextLoaderDelegate]
14:22:29.512 [Test worker] DEBUG org.springframework.test.context.BootstrapUtils - Instantiating BootstrapContext using constructor [public org.springframework.test.context.support.DefaultBootstrapContext(java.lang.Class,org.springframework.test.context.CacheAwareContextLoaderDelegate)]
14:22:29.545 [Test worker] DEBUG org.springframework.test.context.BootstrapUtils - Instantiating TestContextBootstrapper for test class [com.sparta.springweb.SpringwebApplicationTests] from class [org.springframework.boot.test.context.SpringBootTestContextBootstrapper]
14:22:29.559 [Test worker] INFO org.springframework.boot.test.context.SpringBootTestContextBootstrapper - Neither @ContextConfiguration nor @ContextHierarchy found for test class [com.sparta.springweb.SpringwebApplicationTests], using SpringBootContextLoader
14:22:29.563 [Test worker] DEBUG org.springframework.test.context.support.AbstractContextLoader - Did not detect default resource location for test class [com.sparta.springweb.SpringwebApplicationTests]: class path resource [com/sparta/springweb/SpringwebApplicationTests-context.xml] does not exist
14:22:29.563 [Test worker] DEBUG org.springframework.test.context.support.AbstractContextLoader - Did not detect default resource location for test class [com.sparta.springweb.SpringwebApplicationTests]: class path resource [com/sparta/springweb/SpringwebApplicationTestsContext.groovy] does not exist
14:22:29.563 [Test worker] INFO org.springframework.test.context.support.AbstractContextLoader - Could not detect default resource locations for test class [com.sparta.springweb.SpringwebApplicationTests]: no resource found for suffixes {-context.xml, Context.groovy}.
14:22:29.564 [Test worker] INFO org.springframework.test.context.support.AnnotationConfigContextLoaderUtils - Could not detect default configuration classes for test class [com.sparta.springweb.SpringwebApplicationTests]: SpringwebApplicationTests does not declare any static, non-private, non-final, nested classes annotated with @Configuration.
14:22:29.608 [Test worker] DEBUG org.springframework.test.context.support.ActiveProfilesUtils - Could not find an 'annotation declaring class' for annotation type [org.springframework.test.context.ActiveProfiles] and class [com.sparta.springweb.SpringwebApplicationTests]
14:22:29.676 [Test worker] DEBUG org.springframework.context.annotation.ClassPathScanningCandidateComponentProvider - Identified candidate component class: file [C:\Users\peses\OneDrive\programming\git\springwebProject\build\classes\java\main\com\sparta\springweb\SpringwebApplication.class]
14:22:29.677 [Test worker] INFO org.springframework.boot.test.context.SpringBootTestContextBootstrapper - Found @SpringBootConfiguration com.sparta.springweb.SpringwebApplication for test class com.sparta.springweb.SpringwebApplicationTests
14:22:29.809 [Test worker] DEBUG org.springframework.boot.test.context.SpringBootTestContextBootstrapper - @TestExecutionListeners is not present for class [com.sparta.springweb.SpringwebApplicationTests]: using defaults.
14:22:29.809 [Test worker] INFO org.springframework.boot.test.context.SpringBootTestContextBootstrapper - Loaded default TestExecutionListener class names from location [META-INF/spring.factories]: [org.springframework.boot.test.autoconfigure.restdocs.RestDocsTestExecutionListener, org.springframework.boot.test.autoconfigure.web.client.MockRestServiceServerResetTestExecutionListener, org.springframework.boot.test.autoconfigure.web.servlet.MockMvcPrintOnlyOnFailureTestExecutionListener, org.springframework.boot.test.autoconfigure.web.servlet.WebDriverTestExecutionListener, org.springframework.boot.test.autoconfigure.webservices.client.MockWebServiceServerTestExecutionListener, org.springframework.boot.test.mock.mockito.MockitoTestExecutionListener, org.springframework.boot.test.mock.mockito.ResetMocksTestExecutionListener, org.springframework.test.context.web.ServletTestExecutionListener, org.springframework.test.context.support.DirtiesContextBeforeModesTestExecutionListener, org.springframework.test.context.event.ApplicationEventsTestExecutionListener, org.springframework.test.context.support.DependencyInjectionTestExecutionListener, org.springframework.test.context.support.DirtiesContextTestExecutionListener, org.springframework.test.context.transaction.TransactionalTestExecutionListener, org.springframework.test.context.jdbc.SqlScriptsTestExecutionListener, org.springframework.test.context.event.EventPublishingTestExecutionListener]
14:22:29.831 [Test worker] INFO org.springframework.boot.test.context.SpringBootTestContextBootstrapper - Using TestExecutionListeners: [org.springframework.test.context.web.ServletTestExecutionListener@5da3e44f, org.springframework.test.context.support.DirtiesContextBeforeModesTestExecutionListener@2401be1, org.springframework.test.context.event.ApplicationEventsTestExecutionListener@45c078a, org.springframework.boot.test.mock.mockito.MockitoTestExecutionListener@63fe8ead, org.springframework.boot.test.autoconfigure.SpringBootDependencyInjectionTestExecutionListener@21bd9f01, org.springframework.test.context.support.DirtiesContextTestExecutionListener@23a007c4, org.springframework.test.context.transaction.TransactionalTestExecutionListener@47a4346d, org.springframework.test.context.jdbc.SqlScriptsTestExecutionListener@50b851d2, org.springframework.test.context.event.EventPublishingTestExecutionListener@1db09953, org.springframework.boot.test.autoconfigure.restdocs.RestDocsTestExecutionListener@3e0d3306, org.springframework.boot.test.autoconfigure.web.client.MockRestServiceServerResetTestExecutionListener@586c7ff6, org.springframework.boot.test.autoconfigure.web.servlet.MockMvcPrintOnlyOnFailureTestExecutionListener@4a4893e8, org.springframework.boot.test.autoconfigure.web.servlet.WebDriverTestExecutionListener@532bf1f3, org.springframework.boot.test.autoconfigure.webservices.client.MockWebServiceServerTestExecutionListener@4697d93, org.springframework.boot.test.mock.mockito.ResetMocksTestExecutionListener@3f412127]
14:22:29.835 [Test worker] DEBUG org.springframework.test.context.support.AbstractDirtiesContextTestExecutionListener - Before test class: context [DefaultTestContext@36a78c46 testClass = SpringwebApplicationTests, testInstance = [null], testMethod = [null], testException = [null], mergedContextConfiguration = [WebMergedContextConfiguration@22de28d9 testClass = SpringwebApplicationTests, locations = '{}', classes = '{class com.sparta.springweb.SpringwebApplication}', contextInitializerClasses = '[]', activeProfiles = '{}', propertySourceLocations = '{}', propertySourceProperties = '{org.springframework.boot.test.context.SpringBootTestContextBootstrapper=true}', contextCustomizers = set[org.springframework.boot.test.autoconfigure.actuate.metrics.MetricsExportContextCustomizerFactory$DisableMetricExportContextCustomizer@16e8f78f, org.springframework.boot.test.autoconfigure.properties.PropertyMappingContextCustomizer@0, org.springframework.boot.test.autoconfigure.web.servlet.WebDriverContextCustomizerFactory$Customizer@74caa430, org.springframework.boot.test.context.filter.ExcludeFilterContextCustomizer@1db8cb70, org.springframework.boot.test.json.DuplicateJsonObjectContextCustomizerFactory$DuplicateJsonObjectContextCustomizer@1410e531, org.springframework.boot.test.mock.mockito.MockitoContextCustomizer@0, org.springframework.boot.test.web.client.TestRestTemplateContextCustomizer@461b678d, org.springframework.boot.test.context.SpringBootTestArgs@1, org.springframework.boot.test.context.SpringBootTestWebEnvironment@58d9f530], resourceBasePath = 'src/main/webapp', contextLoader = 'org.springframework.boot.test.context.SpringBootContextLoader', parent = [null]], attributes = map['org.springframework.test.context.web.ServletTestExecutionListener.activateListener' -> true]], class annotated with @DirtiesContext [false] with mode [null].
14:22:29.865 [Test worker] DEBUG org.springframework.test.context.support.TestPropertySourceUtils - Adding inlined properties to environment: {spring.jmx.enabled=false, org.springframework.boot.test.context.SpringBootTestContextBootstrapper=true}

  .   ____          _            __ _ _
 /\\ / ___'_ __ _ _(_)_ __  __ _ \ \ \ \
( ( )\___ | '_ | '_| | '_ \/ _` | \ \ \ \
 \\/  ___)| |_)| | | | | || (_| |  ) ) ) )
  '  |____| .__|_| |_|_| |_\__, | / / / /
 =========|_|==============|___/=/_/_/_/
 :: Spring Boot ::                (v2.5.2)

2022-05-26 14:22:30.142  WARN 11564 --- [    Test worker] ory$DuplicateJsonObjectContextCustomizer : 

Found multiple occurrences of org.json.JSONObject on the class path:

	jar:file:/C:/Users/peses/.gradle/caches/modules-2/files-2.1/org.json/json/20220320/6df2c050972619466f6dcef7654ef9bcc01dfd0/json-20220320.jar!/org/json/JSONObject.class
	jar:file:/C:/Users/peses/.gradle/caches/modules-2/files-2.1/com.vaadin.external.google/android-json/0.0.20131108.vaadin1/fa26d351fe62a6a17f5cda1287c1c6110dec413f/android-json-0.0.20131108.vaadin1.jar!/org/json/JSONObject.class

You may wish to exclude one of them to ensure predictable runtime behavior

2022-05-26 14:22:30.158  INFO 11564 --- [    Test worker] c.s.springweb.SpringwebApplicationTests  : Starting SpringwebApplicationTests using Java 1.8.0_292 on DESKTOP-PARK with PID 11564 (started by peses0326 in C:\Users\peses\OneDrive\programming\git\springwebProject)
2022-05-26 14:22:30.159  INFO 11564 --- [    Test worker] c.s.springweb.SpringwebApplicationTests  : No active profile set, falling back to default profiles: default
2022-05-26 14:22:30.893  INFO 11564 --- [    Test worker] .s.d.r.c.RepositoryConfigurationDelegate : Bootstrapping Spring Data JPA repositories in DEFAULT mode.
2022-05-26 14:22:30.996  INFO 11564 --- [    Test worker] .s.d.r.c.RepositoryConfigurationDelegate : Finished Spring Data repository scanning in 67 ms. Found 3 JPA repository interfaces.
2022-05-26 14:22:31.634  INFO 11564 --- [    Test worker] o.hibernate.jpa.internal.util.LogHelper  : HHH000204: Processing PersistenceUnitInfo [name: default]
2022-05-26 14:22:31.712  INFO 11564 --- [    Test worker] org.hibernate.Version                    : HHH000412: Hibernate ORM core version 5.4.32.Final
2022-05-26 14:22:31.780  INFO 11564 --- [    Test worker] o.hibernate.annotations.common.Version   : HCANN000001: Hibernate Commons Annotations {5.1.2.Final}
2022-05-26 14:22:31.939  INFO 11564 --- [    Test worker] com.zaxxer.hikari.HikariDataSource       : HikariPool-1 - Starting...
2022-05-26 14:22:32.334  INFO 11564 --- [    Test worker] com.zaxxer.hikari.HikariDataSource       : HikariPool-1 - Start completed.
2022-05-26 14:22:32.381  INFO 11564 --- [    Test worker] org.hibernate.dialect.Dialect            : HHH000400: Using dialect: org.hibernate.dialect.MySQL8Dialect
2022-05-26 14:22:33.025  INFO 11564 --- [    Test worker] o.h.e.t.j.p.i.JtaPlatformInitiator       : HHH000490: Using JtaPlatform implementation: [org.hibernate.engine.transaction.jta.platform.internal.NoJtaPlatform]
2022-05-26 14:22:33.038  INFO 11564 --- [    Test worker] j.LocalContainerEntityManagerFactoryBean : Initialized JPA EntityManagerFactory for persistence unit 'default'
2022-05-26 14:22:33.642  WARN 11564 --- [    Test worker] JpaBaseConfiguration$JpaWebConfiguration : spring.jpa.open-in-view is enabled by default. Therefore, database queries may be performed during view rendering. Explicitly configure spring.jpa.open-in-view to disable this warning
2022-05-26 14:22:34.000  INFO 11564 --- [    Test worker] o.s.s.web.DefaultSecurityFilterChain     : Will secure any request with [org.springframework.security.web.context.request.async.WebAsyncManagerIntegrationFilter@73cd2deb, org.springframework.security.web.context.SecurityContextPersistenceFilter@6ff97f09, org.springframework.security.web.header.HeaderWriterFilter@2ef76281, org.springframework.security.web.authentication.logout.LogoutFilter@7dac9f60, org.springframework.security.web.authentication.UsernamePasswordAuthenticationFilter@7b72e86, org.springframework.security.web.savedrequest.RequestCacheAwareFilter@15bcee13, org.springframework.security.web.servletapi.SecurityContextHolderAwareRequestFilter@547ce898, org.springframework.security.web.authentication.AnonymousAuthenticationFilter@17454e4d, org.springframework.security.web.session.SessionManagementFilter@63659dbe, org.springframework.security.web.access.ExceptionTranslationFilter@524b198a, org.springframework.security.web.access.intercept.FilterSecurityInterceptor@47acbffc]
2022-05-26 14:22:34.546  INFO 11564 --- [    Test worker] o.s.b.a.w.s.WelcomePageHandlerMapping    : Adding welcome page: class path resource [static/index.html]
2022-05-26 14:22:34.881  INFO 11564 --- [    Test worker] c.s.springweb.SpringwebApplicationTests  : Started SpringwebApplicationTests in 5.01 seconds (JVM running for 6.906)
]]></system-out>
  <system-err><![CDATA[]]></system-err>
</testsuite>
