<?xml version="1.0" encoding="UTF-8"?>
<testsuite name="com.sparta.springweb.service.UserServiceTest" tests="4" skipped="0" failures="0" errors="0" timestamp="2022-05-26T05:22:28" hostname="DESKTOP-PARK" time="0.555">
  <properties/>
  <testcase name="userName 글자수 체크" classname="com.sparta.springweb.service.UserServiceTest" time="0.551"/>
  <testcase name="userName 특수문자 체크" classname="com.sparta.springweb.service.UserServiceTest" time="0.001"/>
  <testcase name="password 글자수 체크" classname="com.sparta.springweb.service.UserServiceTest" time="0.001"/>
  <testcase name="password 에 username 포함된경우" classname="com.sparta.springweb.service.UserServiceTest" time="0.001"/>
  <system-out><![CDATA[]]></system-out>
  <system-err><![CDATA[]]></system-err>
</testsuite>
